Using pre-set license
Built from '2020.2/release' branch; Version is '2020.2.2f1 (068178b99f32) revision 426360'; Using compiler version '192528614'; Build Type 'Release'
OS: 'Windows 10 Pro; OS build 19041.1052; Version 2004; 64bit' Language: 'en' Physical Memory: 24474 MB
BatchMode: 1, IsHumanControllingUs: 0, StartBugReporterOnCrash: 0, Is64bit: 1, IsPro: 0

 COMMAND LINE ARGUMENTS:
D:\Unity\2020.2.2f1\Editor\Unity.exe
-adb2
-batchMode
-noUpm
-name
AssetImportWorker0
-projectPath
D:/PenglingGame
-logFile
Logs/AssetImportWorker0.log
-srvPort
62934
Successfully changed project path to: D:/PenglingGame
D:/PenglingGame
Using Asset Import Pipeline V2.
Refreshing native plugins compatible for Editor in 23.75 ms, found 0 plugins.
Preloading 0 native plugins for Editor in 0.00 ms.
Initialize engine version: 2020.2.2f1 (068178b99f32)
[Subsystems] Discovering subsystems at path D:/Unity/2020.2.2f1/Editor/Data/Resources/UnitySubsystems
[Subsystems] Discovering subsystems at path D:/PenglingGame/Assets
GfxDevice: creating device client; threaded=0
Direct3D:
    Version:  Direct3D 11.0 [level 11.1]
    Renderer: NVIDIA GeForce GTX 960 (ID=0x1401)
    Vendor:   
    VRAM:     2007 MB
    Driver:   27.21.14.5671
Initialize mono
Mono path[0] = 'D:/Unity/2020.2.2f1/Editor/Data/Managed'
Mono path[1] = 'D:/Unity/2020.2.2f1/Editor/Data/MonoBleedingEdge/lib/mono/unityjit'
Mono config path = 'D:/Unity/2020.2.2f1/Editor/Data/MonoBleedingEdge/etc'
Using monoOptions --debugger-agent=transport=dt_socket,embedding=1,server=y,suspend=n,address=127.0.0.1:56008
Begin MonoManager ReloadAssembly
Registering precompiled unity dll's ...
Register platform support module: D:/Unity/2020.2.2f1/Editor/Data/PlaybackEngines/WebGLSupport/UnityEditor.WebGL.Extensions.dll
Register platform support module: D:/Unity/2020.2.2f1/Editor/Data/PlaybackEngines/WindowsStandaloneSupport/UnityEditor.WindowsStandalone.Extensions.dll
Registered in 0.001607 seconds.
Native extension for WindowsStandalone target not found
Native extension for WebGL target not found
Refreshing native plugins compatible for Editor in 23.30 ms, found 0 plugins.
Preloading 0 native plugins for Editor in 0.00 ms.
Invoked RoslynAnalysisRunner static constructor.
RoslynAnalysisRunner will not be running.
RoslynAnalysisRunner has terminated.
Mono: successfully reloaded assembly
- Completed reload, in  5.019 seconds
Platform modules already initialized, skipping
Registering precompiled user dll's ...
Registered in 0.000683 seconds.
Begin MonoManager ReloadAssembly
Native extension for WindowsStandalone target not found
Native extension for WebGL target not found
Refreshing native plugins compatible for Editor in 24.39 ms, found 0 plugins.
Preloading 0 native plugins for Editor in 0.00 ms.
Invoked RoslynAnalysisRunner static constructor.
RoslynAnalysisRunner will not be running.
RoslynAnalysisRunner has terminated.
Mono: successfully reloaded assembly
- Completed reload, in  0.945 seconds
Platform modules already initialized, skipping
========================================================================
Worker process is ready to serve import requests
Launched and connected shader compiler UnityShaderCompiler.exe after 0.04 seconds
Refreshing native plugins compatible for Editor in 0.37 ms, found 0 plugins.
Preloading 0 native plugins for Editor in 0.00 ms.
Unloading 1296 Unused Serialized files (Serialized files now loaded: 0)
System memory in use before: 82.6 MB.
System memory in use after: 82.5 MB.

Unloading 23 unused Assets to reduce memory usage. Loaded Objects now: 1769.
Total: 2.232700 ms (FindLiveObjects: 0.256500 ms CreateObjectMapping: 0.190900 ms MarkObjects: 1.592300 ms  DeleteObjects: 0.191400 ms)

========================================================================
Received Import Request.
  path: Assets/Scripts/BabyMovement.cs
  artifactKey: Guid(7e65b86295d6ddb41ad5931732c7a289) Importer(815301076,1909f56bfc062723c751e8b465ee728b)
Start importing Assets/Scripts/BabyMovement.cs using Guid(7e65b86295d6ddb41ad5931732c7a289) Importer(815301076,1909f56bfc062723c751e8b465ee728b)  -> (artifact id: 'ed41a33bae763757fb9859b2871484c7') in 0.051932 seconds
  Import took 0.053842 seconds .

========================================================================
Received Prepare
Registering precompiled user dll's ...
Registered in 0.000610 seconds.
Begin MonoManager ReloadAssembly
Native extension for WindowsStandalone target not found
Native extension for WebGL target not found
Refreshing native plugins compatible for Editor in 0.21 ms, found 0 plugins.
Preloading 0 native plugins for Editor in 0.00 ms.
Invoked RoslynAnalysisRunner static constructor.
RoslynAnalysisRunner will not be running.
RoslynAnalysisRunner has terminated.
Mono: successfully reloaded assembly
- Completed reload, in  0.852 seconds
Platform modules already initialized, skipping
Refreshing native plugins compatible for Editor in 0.21 ms, found 0 plugins.
Preloading 0 native plugins for Editor in 0.00 ms.
Unloading 1253 Unused Serialized files (Serialized files now loaded: 0)
System memory in use before: 80.7 MB.
System memory in use after: 80.6 MB.

Unloading 8 unused Assets to reduce memory usage. Loaded Objects now: 1771.
Total: 2.456400 ms (FindLiveObjects: 0.186500 ms CreateObjectMapping: 0.076500 ms MarkObjects: 2.020900 ms  DeleteObjects: 0.170700 ms)

========================================================================
Received Prepare
Registering precompiled user dll's ...
Registered in 0.000619 seconds.
Begin MonoManager ReloadAssembly
Native extension for WindowsStandalone target not found
Native extension for WebGL target not found
Refreshing native plugins compatible for Editor in 0.21 ms, found 0 plugins.
Preloading 0 native plugins for Editor in 0.00 ms.
Invoked RoslynAnalysisRunner static constructor.
RoslynAnalysisRunner will not be running.
RoslynAnalysisRunner has terminated.
Mono: successfully reloaded assembly
- Completed reload, in  0.848 seconds
Platform modules already initialized, skipping
Refreshing native plugins compatible for Editor in 0.21 ms, found 0 plugins.
Preloading 0 native plugins for Editor in 0.00 ms.
Unloading 1253 Unused Serialized files (Serialized files now loaded: 0)
System memory in use before: 80.7 MB.
System memory in use after: 80.6 MB.

Unloading 8 unused Assets to reduce memory usage. Loaded Objects now: 1773.
Total: 1.571000 ms (FindLiveObjects: 0.185200 ms CreateObjectMapping: 0.044100 ms MarkObjects: 1.180900 ms  DeleteObjects: 0.159700 ms)

========================================================================
Received Prepare
Registering precompiled user dll's ...
Registered in 0.000603 seconds.
Begin MonoManager ReloadAssembly
Native extension for WindowsStandalone target not found
Native extension for WebGL target not found
Refreshing native plugins compatible for Editor in 0.21 ms, found 0 plugins.
Preloading 0 native plugins for Editor in 0.00 ms.
Invoked RoslynAnalysisRunner static constructor.
RoslynAnalysisRunner will not be running.
RoslynAnalysisRunner has terminated.
Mono: successfully reloaded assembly
- Completed reload, in  0.862 seconds
Platform modules already initialized, skipping
Refreshing native plugins compatible for Editor in 0.29 ms, found 0 plugins.
Preloading 0 native plugins for Editor in 0.00 ms.
Unloading 1253 Unused Serialized files (Serialized files now loaded: 0)
System memory in use before: 80.7 MB.
System memory in use after: 80.6 MB.

Unloading 8 unused Assets to reduce memory usage. Loaded Objects now: 1775.
Total: 2.710300 ms (FindLiveObjects: 0.202500 ms CreateObjectMapping: 0.059500 ms MarkObjects: 2.275800 ms  DeleteObjects: 0.171300 ms)

========================================================================
Received Prepare
Registering precompiled user dll's ...
Registered in 0.000656 seconds.
Begin MonoManager ReloadAssembly
Native extension for WindowsStandalone target not found
Native extension for WebGL target not found
Refreshing native plugins compatible for Editor in 0.22 ms, found 0 plugins.
Preloading 0 native plugins for Editor in 0.00 ms.
Invoked RoslynAnalysisRunner static constructor.
RoslynAnalysisRunner will not be running.
RoslynAnalysisRunner has terminated.
Mono: successfully reloaded assembly
- Completed reload, in  0.862 seconds
Platform modules already initialized, skipping
Refreshing native plugins compatible for Editor in 0.21 ms, found 0 plugins.
Preloading 0 native plugins for Editor in 0.00 ms.
Unloading 1253 Unused Serialized files (Serialized files now loaded: 0)
System memory in use before: 80.7 MB.
System memory in use after: 80.7 MB.

Unloading 8 unused Assets to reduce memory usage. Loaded Objects now: 1777.
Total: 1.724600 ms (FindLiveObjects: 0.126100 ms CreateObjectMapping: 0.035400 ms MarkObjects: 1.400000 ms  DeleteObjects: 0.162400 ms)

========================================================================
Received Prepare
Registering precompiled user dll's ...
Registered in 0.000637 seconds.
Begin MonoManager ReloadAssembly
Native extension for WindowsStandalone target not found
Native extension for WebGL target not found
Refreshing native plugins compatible for Editor in 0.21 ms, found 0 plugins.
Preloading 0 native plugins for Editor in 0.00 ms.
Invoked RoslynAnalysisRunner static constructor.
RoslynAnalysisRunner will not be running.
RoslynAnalysisRunner has terminated.
Mono: successfully reloaded assembly
- Completed reload, in  0.850 seconds
Platform modules already initialized, skipping
Refreshing native plugins compatible for Editor in 0.32 ms, found 0 plugins.
Preloading 0 native plugins for Editor in 0.00 ms.
Unloading 1253 Unused Serialized files (Serialized files now loaded: 0)
System memory in use before: 80.7 MB.
System memory in use after: 80.7 MB.

Unloading 8 unused Assets to reduce memory usage. Loaded Objects now: 1779.
Total: 2.179100 ms (FindLiveObjects: 0.258400 ms CreateObjectMapping: 0.088600 ms MarkObjects: 1.661700 ms  DeleteObjects: 0.169100 ms)

========================================================================
Received Prepare
Registering precompiled user dll's ...
Registered in 0.000629 seconds.
Begin MonoManager ReloadAssembly
Native extension for WindowsStandalone target not found
Native extension for WebGL target not found
Refreshing native plugins compatible for Editor in 0.20 ms, found 0 plugins.
Preloading 0 native plugins for Editor in 0.00 ms.
Invoked RoslynAnalysisRunner static constructor.
RoslynAnalysisRunner will not be running.
RoslynAnalysisRunner has terminated.
Mono: successfully reloaded assembly
- Completed reload, in  0.829 seconds
Platform modules already initialized, skipping
Refreshing native plugins compatible for Editor in 0.21 ms, found 0 plugins.
Preloading 0 native plugins for Editor in 0.00 ms.
Unloading 1253 Unused Serialized files (Serialized files now loaded: 0)
System memory in use before: 80.7 MB.
System memory in use after: 80.7 MB.

Unloading 8 unused Assets to reduce memory usage. Loaded Objects now: 1781.
Total: 1.860200 ms (FindLiveObjects: 0.185100 ms CreateObjectMapping: 0.060500 ms MarkObjects: 1.449900 ms  DeleteObjects: 0.162900 ms)

========================================================================
Received Prepare
Registering precompiled user dll's ...
Registered in 0.000711 seconds.
Begin MonoManager ReloadAssembly
Native extension for WindowsStandalone target not found
Native extension for WebGL target not found
Refreshing native plugins compatible for Editor in 0.21 ms, found 0 plugins.
Preloading 0 native plugins for Editor in 0.00 ms.
Invoked RoslynAnalysisRunner static constructor.
RoslynAnalysisRunner will not be running.
RoslynAnalysisRunner has terminated.
Mono: successfully reloaded assembly
- Completed reload, in  0.814 seconds
Platform modules already initialized, skipping
Refreshing native plugins compatible for Editor in 0.24 ms, found 0 plugins.
Preloading 0 native plugins for Editor in 0.00 ms.
Unloading 1253 Unused Serialized files (Serialized files now loaded: 0)
System memory in use before: 80.7 MB.
System memory in use after: 80.7 MB.

Unloading 8 unused Assets to reduce memory usage. Loaded Objects now: 1783.
Total: 1.932800 ms (FindLiveObjects: 0.159900 ms CreateObjectMapping: 0.046500 ms MarkObjects: 1.550800 ms  DeleteObjects: 0.174400 ms)

========================================================================
Received Prepare
Registering precompiled user dll's ...
Registered in 0.000623 seconds.
Begin MonoManager ReloadAssembly
Native extension for WindowsStandalone target not found
Native extension for WebGL target not found
Refreshing native plugins compatible for Editor in 0.21 ms, found 0 plugins.
Preloading 0 native plugins for Editor in 0.00 ms.
Invoked RoslynAnalysisRunner static constructor.
RoslynAnalysisRunner will not be running.
RoslynAnalysisRunner has terminated.
Mono: successfully reloaded assembly
- Completed reload, in  0.808 seconds
Platform modules already initialized, skipping
Refreshing native plugins compatible for Editor in 0.23 ms, found 0 plugins.
Preloading 0 native plugins for Editor in 0.00 ms.
Unloading 1253 Unused Serialized files (Serialized files now loaded: 0)
System memory in use before: 80.7 MB.
System memory in use after: 80.7 MB.

Unloading 8 unused Assets to reduce memory usage. Loaded Objects now: 1785.
Total: 1.878000 ms (FindLiveObjects: 0.158900 ms CreateObjectMapping: 0.048400 ms MarkObjects: 1.499700 ms  DeleteObjects: 0.169400 ms)

========================================================================
Received Prepare
Registering precompiled user dll's ...
Registered in 0.001003 seconds.
Begin MonoManager ReloadAssembly
Native extension for WindowsStandalone target not found
Native extension for WebGL target not found
Refreshing native plugins compatible for Editor in 0.22 ms, found 0 plugins.
Preloading 0 native plugins for Editor in 0.00 ms.
Invoked RoslynAnalysisRunner static constructor.
RoslynAnalysisRunner will not be running.
RoslynAnalysisRunner has terminated.
Mono: successfully reloaded assembly
- Completed reload, in  0.859 seconds
Platform modules already initialized, skipping
Refreshing native plugins compatible for Editor in 0.21 ms, found 0 plugins.
Preloading 0 native plugins for Editor in 0.00 ms.
Unloading 1253 Unused Serialized files (Serialized files now loaded: 0)
System memory in use before: 80.7 MB.
System memory in use after: 80.7 MB.

Unloading 8 unused Assets to reduce memory usage. Loaded Objects now: 1787.
Total: 2.006600 ms (FindLiveObjects: 0.174700 ms CreateObjectMapping: 0.061000 ms MarkObjects: 1.585700 ms  DeleteObjects: 0.183700 ms)

========================================================================
Received Import Request.
  Time since last request: 6256.671755 seconds.
  path: Assets/New Terrain 1.asset
  artifactKey: Guid(ed950edf960d4d24fa6a1b1268df4bba) Importer(815301076,1909f56bfc062723c751e8b465ee728b)
Start importing Assets/New Terrain 1.asset using Guid(ed950edf960d4d24fa6a1b1268df4bba) Importer(815301076,1909f56bfc062723c751e8b465ee728b)  -> (artifact id: '09dc6e00c4d62862b4fe4f6c1a8aa196') in 0.054287 seconds
  Import took 0.056853 seconds .

========================================================================
Received Import Request.
  Time since last request: 99.756556 seconds.
  path: Assets/TextMesh Pro/Resources/Fonts & Materials/LiberationSans SDF - Drop Shadow.mat
  artifactKey: Guid(e73a58f6e2794ae7b1b7e50b7fb811b0) Importer(815301076,1909f56bfc062723c751e8b465ee728b)
Start importing Assets/TextMesh Pro/Resources/Fonts & Materials/LiberationSans SDF - Drop Shadow.mat using Guid(e73a58f6e2794ae7b1b7e50b7fb811b0) Importer(815301076,1909f56bfc062723c751e8b465ee728b)  -> (artifact id: 'c07b93f041c59bf82658c8a697559aae') in 0.135410 seconds
  Import took 0.137843 seconds .

========================================================================
Received Import Request.
  Time since last request: 0.000240 seconds.
  path: Assets/TextMesh Pro/Resources/Fonts & Materials/LiberationSans SDF - Outline.mat
  artifactKey: Guid(79459efec17a4d00a321bdcc27bbc385) Importer(815301076,1909f56bfc062723c751e8b465ee728b)
Start importing Assets/TextMesh Pro/Resources/Fonts & Materials/LiberationSans SDF - Outline.mat using Guid(79459efec17a4d00a321bdcc27bbc385) Importer(815301076,1909f56bfc062723c751e8b465ee728b)  -> (artifact id: 'fafc943c64d19888e1450ff75b3539da') in 0.078592 seconds
  Import took 0.081039 seconds .

========================================================================
Received Import Request.
  Time since last request: 0.000296 seconds.
  path: Assets/TextMesh Pro/Resources/Fonts & Materials/LiberationSans SDF - Fallback.asset
  artifactKey: Guid(2e498d1c8094910479dc3e1b768306a4) Importer(815301076,1909f56bfc062723c751e8b465ee728b)
Start importing Assets/TextMesh Pro/Resources/Fonts & Materials/LiberationSans SDF - Fallback.asset using Guid(2e498d1c8094910479dc3e1b768306a4) Importer(815301076,1909f56bfc062723c751e8b465ee728b)  -> (artifact id: '9cf95ca6761cc54e2ef53295e1381971') in 0.031199 seconds
  Import took 0.033858 seconds .

========================================================================
Received Import Request.
  Time since last request: 0.000223 seconds.
  path: Assets/TextMesh Pro/Resources/Fonts & Materials/LiberationSans SDF - Drop Shadow.mat
  artifactKey: Guid(e73a58f6e2794ae7b1b7e50b7fb811b0) Importer(815301076,1909f56bfc062723c751e8b465ee728b)
Start importing Assets/TextMesh Pro/Resources/Fonts & Materials/LiberationSans SDF - Drop Shadow.mat using Guid(e73a58f6e2794ae7b1b7e50b7fb811b0) Importer(815301076,1909f56bfc062723c751e8b465ee728b)  -> (artifact id: 'c07b93f041c59bf82658c8a697559aae') in 0.027748 seconds
  Import took 0.030522 seconds .

========================================================================
Received Import Request.
  Time since last request: 0.000221 seconds.
  path: Assets/TextMesh Pro/Resources/Fonts & Materials/LiberationSans SDF - Fallback.asset
  artifactKey: Guid(2e498d1c8094910479dc3e1b768306a4) Importer(815301076,1909f56bfc062723c751e8b465ee728b)
Start importing Assets/TextMesh Pro/Resources/Fonts & Materials/LiberationSans SDF - Fallback.asset using Guid(2e498d1c8094910479dc3e1b768306a4) Importer(815301076,1909f56bfc062723c751e8b465ee728b)  -> (artifact id: '9cf95ca6761cc54e2ef53295e1381971') in 0.011565 seconds
  Import took 0.014607 seconds .

========================================================================
Received Import Request.
  Time since last request: 0.000235 seconds.
  path: Assets/TextMesh Pro/Resources/Fonts & Materials/LiberationSans SDF.asset
  artifactKey: Guid(8f586378b4e144a9851e7b34d9b748ee) Importer(815301076,1909f56bfc062723c751e8b465ee728b)
Start importing Assets/TextMesh Pro/Resources/Fonts & Materials/LiberationSans SDF.asset using Guid(8f586378b4e144a9851e7b34d9b748ee) Importer(815301076,1909f56bfc062723c751e8b465ee728b)  -> (artifact id: 'f0e93136860a214abc0faa3304291c7e') in 0.041929 seconds
  Import took 0.061744 seconds .

========================================================================
Received Import Request.
  Time since last request: 0.001092 seconds.
  path: Assets/TextMesh Pro/Resources/Fonts & Materials/LiberationSans SDF.asset
  artifactKey: Guid(8f586378b4e144a9851e7b34d9b748ee) Importer(815301076,1909f56bfc062723c751e8b465ee728b)
Start importing Assets/TextMesh Pro/Resources/Fonts & Materials/LiberationSans SDF.asset using Guid(8f586378b4e144a9851e7b34d9b748ee) Importer(815301076,1909f56bfc062723c751e8b465ee728b)  -> (artifact id: 'f0e93136860a214abc0faa3304291c7e') in 0.036243 seconds
  Import took 0.038481 seconds .

========================================================================
Received Import Request.
  Time since last request: 15.518946 seconds.
  path: Assets/TextMesh Pro/Resources/Fonts & Materials
  artifactKey: Guid(731f1baa9d144a9897cb1d341c2092b8) Importer(815301076,1909f56bfc062723c751e8b465ee728b)
Start importing Assets/TextMesh Pro/Resources/Fonts & Materials using Guid(731f1baa9d144a9897cb1d341c2092b8) Importer(815301076,1909f56bfc062723c751e8b465ee728b)  -> (artifact id: '9bd7e7b2a749fa9f95215a55f2400823') in 0.006164 seconds
  Import took 0.008361 seconds .

========================================================================
Received Import Request.
  Time since last request: 7.419959 seconds.
  path: Assets/TextMesh Pro/Resources/Fonts & Materials/New TMP Color Gradient.asset
  artifactKey: Guid(c23408a37ade17f4f90c33dfa00b488b) Importer(815301076,1909f56bfc062723c751e8b465ee728b)
Start importing Assets/TextMesh Pro/Resources/Fonts & Materials/New TMP Color Gradient.asset using Guid(c23408a37ade17f4f90c33dfa00b488b) Importer(815301076,1909f56bfc062723c751e8b465ee728b)  -> (artifact id: '611336f4a2031d40c68bf9b812bb2cdb') in 0.007333 seconds
  Import took 0.009639 seconds .

========================================================================
Received Import Request.
  Time since last request: 12.382085 seconds.
  path: Assets/TextMesh Pro/Resources/Fonts & Materials/Cool Gradient.asset
  artifactKey: Guid(c23408a37ade17f4f90c33dfa00b488b) Importer(815301076,1909f56bfc062723c751e8b465ee728b)
Start importing Assets/TextMesh Pro/Resources/Fonts & Materials/Cool Gradient.asset using Guid(c23408a37ade17f4f90c33dfa00b488b) Importer(815301076,1909f56bfc062723c751e8b465ee728b)  -> (artifact id: '23e7552c45980ebc0f7167d54454dbdf') in 0.006766 seconds
  Import took 0.008834 seconds .

========================================================================
Received Import Request.
  Time since last request: 0.000510 seconds.
  path: Assets/TextMesh Pro/Resources/Fonts & Materials/Cool Gradient.asset
  artifactKey: Guid(c23408a37ade17f4f90c33dfa00b488b) Importer(815301076,1909f56bfc062723c751e8b465ee728b)
Start importing Assets/TextMesh Pro/Resources/Fonts & Materials/Cool Gradient.asset using Guid(c23408a37ade17f4f90c33dfa00b488b) Importer(815301076,1909f56bfc062723c751e8b465ee728b)  -> (artifact id: '23e7552c45980ebc0f7167d54454dbdf') in 0.002543 seconds
  Import took 0.004986 seconds .

========================================================================
Received Prepare
Registering precompiled user dll's ...
Registered in 0.000844 seconds.
Begin MonoManager ReloadAssembly
Native extension for WindowsStandalone target not found
Native extension for WebGL target not found
Refreshing native plugins compatible for Editor in 0.34 ms, found 0 plugins.
Preloading 0 native plugins for Editor in 0.00 ms.
Invoked RoslynAnalysisRunner static constructor.
RoslynAnalysisRunner will not be running.
RoslynAnalysisRunner has terminated.
Mono: successfully reloaded assembly
- Completed reload, in  1.009 seconds
Platform modules already initialized, skipping
Refreshing native plugins compatible for Editor in 0.25 ms, found 0 plugins.
Preloading 0 native plugins for Editor in 0.00 ms.
Unloading 1266 Unused Serialized files (Serialized files now loaded: 0)
System memory in use before: 86.2 MB.
System memory in use after: 85.6 MB.

Unloading 20 unused Assets to reduce memory usage. Loaded Objects now: 1834.
Total: 2.267300 ms (FindLiveObjects: 0.163900 ms CreateObjectMapping: 0.042000 ms MarkObjects: 1.608400 ms  DeleteObjects: 0.451300 ms)

========================================================================
Received Import Request.
  Time since last request: 765.189457 seconds.
  path: Assets/TextMesh Pro/Resources/Fonts & Materials/Cool Gradient.asset
  artifactKey: Guid(c23408a37ade17f4f90c33dfa00b488b) Importer(815301076,1909f56bfc062723c751e8b465ee728b)
Start importing Assets/TextMesh Pro/Resources/Fonts & Materials/Cool Gradient.asset using Guid(c23408a37ade17f4f90c33dfa00b488b) Importer(815301076,1909f56bfc062723c751e8b465ee728b)  -> (artifact id: '1dcecb0f727575dc42cd78a46a604c43') in 0.018109 seconds
  Import took 0.020531 seconds .

========================================================================
Received Import Request.
  Time since last request: 0.000326 seconds.
  path: Assets/TextMesh Pro/Resources/Fonts & Materials/LiberationSans SDF.asset
  artifactKey: Guid(8f586378b4e144a9851e7b34d9b748ee) Importer(815301076,1909f56bfc062723c751e8b465ee728b)
Start importing Assets/TextMesh Pro/Resources/Fonts & Materials/LiberationSans SDF.asset using Guid(8f586378b4e144a9851e7b34d9b748ee) Importer(815301076,1909f56bfc062723c751e8b465ee728b)  -> (artifact id: 'c581fadb9218d3707723900eec1ce488') in 0.095179 seconds
  Import took 0.097150 seconds .

AssetImportWorkerClient::OnTransportError - code=2 error=End of file
